<?xml version="1.0" encoding="utf-8"?><testsuites name="pytest tests"><testsuite name="pytest" errors="0" failures="0" skipped="0" tests="10" time="6.895" timestamp="2026-02-24T16:28:25.618029+00:00" hostname="agent-env-1f4ee9a6-d88e-44ef-a16c-aa7b24636676"><testcase classname="backend.tests.test_calendar_feature.TestCalendarEndpoint" name="test_calendar_endpoint_returns_200" time="0.851" /><testcase classname="backend.tests.test_calendar_feature.TestCalendarEndpoint" name="test_calendar_returns_list" time="0.597" /><testcase classname="backend.tests.test_calendar_feature.TestCalendarEndpoint" name="test_calendar_event_has_required_fields" time="0.798" /><testcase classname="backend.tests.test_calendar_feature.TestCalendarEndpoint" name="test_calendar_includes_accepted_friendly" time="0.610" /><testcase classname="backend.tests.test_calendar_feature.TestCalendarEndpoint" name="test_calendar_friendly_has_manager_contact" time="0.622" /><testcase classname="backend.tests.test_calendar_feature.TestCalendarEndpoint" name="test_calendar_events_sorted_by_date" time="0.610" /><testcase classname="backend.tests.test_calendar_feature.TestCalendarEndpoint" name="test_calendar_404_for_nonexistent_team" time="0.579" /><testcase classname="backend.tests.test_calendar_feature.TestCalendarEndpoint" name="test_calendar_401_without_auth" time="0.625" /><testcase classname="backend.tests.test_calendar_feature.TestCalendarEmptyState" name="test_calendar_returns_empty_list" time="0.711" /><testcase classname="backend.tests.test_calendar_feature.TestCalendarWithCoach2" name="test_coach2_calendar_shows_accepted_friendly" time="0.733" /></testsuite></testsuites>