<?xml version="1.0" encoding="utf-8"?><testsuites name="pytest tests"><testsuite name="pytest" errors="0" failures="0" skipped="0" tests="33" time="8.034" timestamp="2026-02-18T06:24:56.305825+00:00" hostname="agent-env-6033f020-b5ac-4397-b350-144bb15fc605"><testcase classname="backend.tests.test_api.TestHealthCheck" name="test_health_endpoint" time="0.135" /><testcase classname="backend.tests.test_api.TestTeamsCRUD" name="test_create_team_success" time="0.224" /><testcase classname="backend.tests.test_api.TestTeamsCRUD" name="test_create_futsal_team" time="0.409" /><testcase classname="backend.tests.test_api.TestTeamsCRUD" name="test_get_all_teams" time="0.237" /><testcase classname="backend.tests.test_api.TestTeamsCRUD" name="test_get_teams_by_sport" time="0.192" /><testcase classname="backend.tests.test_api.TestTeamsCRUD" name="test_get_team_by_id" time="0.213" /><testcase classname="backend.tests.test_api.TestTeamsCRUD" name="test_get_team_not_found" time="0.104" /><testcase classname="backend.tests.test_api.TestTeamsCRUD" name="test_update_team" time="0.280" /><testcase classname="backend.tests.test_api.TestTeamsCRUD" name="test_update_nonexistent_team" time="0.089" /><testcase classname="backend.tests.test_api.TestTeamsCRUD" name="test_delete_team" time="0.183" /><testcase classname="backend.tests.test_api.TestTeamsCRUD" name="test_delete_nonexistent_team" time="0.095" /><testcase classname="backend.tests.test_api.TestMatchesCRUD" name="test_create_match" time="0.344" /><testcase classname="backend.tests.test_api.TestMatchesCRUD" name="test_get_all_matches" time="0.306" /><testcase classname="backend.tests.test_api.TestMatchesCRUD" name="test_get_matches_by_team" time="0.276" /><testcase classname="backend.tests.test_api.TestMatchesCRUD" name="test_get_match_by_id" time="0.324" /><testcase classname="backend.tests.test_api.TestMatchesCRUD" name="test_get_match_not_found" time="0.107" /><testcase classname="backend.tests.test_api.TestMatchesCRUD" name="test_update_match_status" time="0.348" /><testcase classname="backend.tests.test_api.TestMatchesCRUD" name="test_update_match_events" time="0.331" /><testcase classname="backend.tests.test_api.TestMatchesCRUD" name="test_update_match_no_data" time="0.289" /><testcase classname="backend.tests.test_api.TestMatchesCRUD" name="test_update_nonexistent_match" time="0.096" /><testcase classname="backend.tests.test_api.TestMatchesCRUD" name="test_delete_match" time="0.282" /><testcase classname="backend.tests.test_api.TestMatchesCRUD" name="test_delete_nonexistent_match" time="0.079" /><testcase classname="backend.tests.test_api.TestPlayerNotes" name="test_add_player_note" time="0.345" /><testcase classname="backend.tests.test_api.TestPlayerNotes" name="test_add_note_to_nonexistent_match" time="0.139" /><testcase classname="backend.tests.test_api.TestPlayerNotes" name="test_get_player_notes" time="0.392" /><testcase classname="backend.tests.test_api.TestPlayerNotes" name="test_get_notes_for_nonexistent_player" time="0.090" /><testcase classname="backend.tests.test_api.TestPlayerStats" name="test_get_player_stats_success" time="0.334" /><testcase classname="backend.tests.test_api.TestPlayerStats" name="test_get_player_stats_empty_team" time="0.218" /><testcase classname="backend.tests.test_api.TestPlayerAvailability" name="test_create_team_with_available_players" time="0.162" /><testcase classname="backend.tests.test_api.TestPlayerAvailability" name="test_update_player_availability" time="0.165" /><testcase classname="backend.tests.test_api.TestEdgeCases" name="test_team_with_many_players" time="0.205" /><testcase classname="backend.tests.test_api.TestEdgeCases" name="test_match_with_90_min_duration" time="0.375" /><testcase classname="backend.tests.test_api.TestEdgeCases" name="test_match_with_custom_duration" time="0.316" /></testsuite></testsuites>