<?xml version="1.0" encoding="utf-8"?><testsuites name="pytest tests"><testsuite name="pytest" errors="0" failures="0" skipped="0" tests="7" time="2.403" timestamp="2026-03-04T11:53:51.096566+00:00" hostname="agent-env-b9213132-12a0-4671-95bf-5350b8437a8f"><testcase classname="backend.tests.test_direct_messages.TestDirectMessagesAPI" name="test_get_conversations" time="0.773" /><testcase classname="backend.tests.test_direct_messages.TestDirectMessagesAPI" name="test_send_direct_message" time="0.268" /><testcase classname="backend.tests.test_direct_messages.TestDirectMessagesAPI" name="test_get_conversation_messages" time="0.145" /><testcase classname="backend.tests.test_direct_messages.TestDirectMessagesAPI" name="test_delete_conversation" time="0.282" /><testcase classname="backend.tests.test_direct_messages.TestDirectMessagesAPI" name="test_delete_conversation_returns_count" time="0.369" /><testcase classname="backend.tests.test_direct_messages.TestDirectMessagesAPI" name="test_delete_nonexistent_conversation" time="0.178" /><testcase classname="backend.tests.test_direct_messages.TestConversationCleanup" name="test_restore_test_conversation" time="0.186" /></testsuite></testsuites>