<?xml version="1.0" encoding="utf-8"?><testsuites name="pytest tests"><testsuite name="pytest" errors="0" failures="0" skipped="0" tests="11" time="5.018" timestamp="2026-02-22T18:40:54.318815+00:00" hostname="agent-env-8781733c-9f70-4b8c-b0a2-30014fa7b48a"><testcase classname="backend.tests.test_new_features.TestMatchEventsAssist" name="test_create_match_for_events" time="0.778" /><testcase classname="backend.tests.test_new_features.TestMatchEventsAssist" name="test_post_assist_event" time="0.129" /><testcase classname="backend.tests.test_new_features.TestMatchEventsAssist" name="test_verify_assist_event_saved" time="0.212" /><testcase classname="backend.tests.test_new_features.TestMatchEventsFormationChange" name="test_create_match_for_formation_change" time="0.564" /><testcase classname="backend.tests.test_new_features.TestMatchEventsFormationChange" name="test_post_formation_change_event" time="0.112" /><testcase classname="backend.tests.test_new_features.TestMatchEventsFormationChange" name="test_verify_formation_change_event_saved" time="0.113" /><testcase classname="backend.tests.test_new_features.TestPlayerStatsWithAssists" name="test_complete_match_with_assist" time="0.882" /><testcase classname="backend.tests.test_new_features.TestPlayerStatsWithAssists" name="test_player_stats_includes_assists" time="0.178" /><testcase classname="backend.tests.test_new_features.TestEventEndpointEdgeCases" name="test_event_without_player_id" time="0.737" /><testcase classname="backend.tests.test_new_features.TestEventEndpointEdgeCases" name="test_invalid_match_id_returns_404" time="0.101" /><testcase classname="backend.tests.test_new_features.TestCleanup" name="test_cleanup_test_matches" time="0.963" /></testsuite></testsuites>