<?xml version="1.0" encoding="utf-8"?><testsuites name="pytest tests"><testsuite name="pytest" errors="0" failures="0" skipped="0" tests="10" time="3.139" timestamp="2026-02-24T23:44:01.207576+00:00" hostname="agent-env-ce46754a-62c5-4068-a9a1-66f6ce646674"><testcase classname="backend.tests.test_friendly_matches.TestFriendlyMatchSystem" name="test_01_create_friendly_invite" time="0.632" /><testcase classname="backend.tests.test_friendly_matches.TestFriendlyMatchSystem" name="test_02_get_friendly_invites" time="0.097" /><testcase classname="backend.tests.test_friendly_matches.TestFriendlyMatchSystem" name="test_03_get_single_invite" time="0.099" /><testcase classname="backend.tests.test_friendly_matches.TestFriendlyMatchSystem" name="test_04_respond_accept_invite" time="0.092" /><testcase classname="backend.tests.test_friendly_matches.TestFriendlyMatchSystem" name="test_05_cancel_accepted_match" time="0.183" /><testcase classname="backend.tests.test_friendly_matches.TestFriendlyMatchSystem" name="test_06_delete_cancelled_invite" time="0.198" /><testcase classname="backend.tests.test_friendly_matches.TestFriendlyMatchSystem" name="test_07_create_and_amend_invite" time="0.780" /><testcase classname="backend.tests.test_friendly_matches.TestFriendlyMatchSystem" name="test_08_decline_invite_and_delete" time="0.370" /><testcase classname="backend.tests.test_friendly_matches.TestFriendlyMatchSystem" name="test_09_cannot_delete_pending_invite" time="0.484" /><testcase classname="backend.tests.test_friendly_matches.TestFriendlyMatchSystem" name="test_10_verify_network_endpoint" time="0.090" /></testsuite></testsuites>