<?xml version="1.0" encoding="utf-8"?><testsuites name="pytest tests"><testsuite name="pytest" errors="0" failures="0" skipped="0" tests="15" time="3.812" timestamp="2026-03-04T10:13:11.786867+00:00" hostname="agent-env-b9213132-12a0-4671-95bf-5350b8437a8f"><testcase classname="backend.tests.test_b_knockout.TestExistingBKnockoutTournament" name="test_get_tournament_with_b_knockout_enabled" time="0.949" /><testcase classname="backend.tests.test_b_knockout.TestExistingBKnockoutTournament" name="test_group_stage_complete" time="0.153" /><testcase classname="backend.tests.test_b_knockout.TestExistingBKnockoutTournament" name="test_a_bracket_has_top_teams" time="0.114" /><testcase classname="backend.tests.test_b_knockout.TestExistingBKnockoutTournament" name="test_b_bracket_has_lower_teams" time="0.111" /><testcase classname="backend.tests.test_b_knockout.TestExistingBKnockoutTournament" name="test_knockout_rounds_generated" time="0.134" /><testcase classname="backend.tests.test_b_knockout.TestBKnockoutMatchResults" name="test_submit_a_bracket_semifinal_result" time="0.227" /><testcase classname="backend.tests.test_b_knockout.TestBKnockoutMatchResults" name="test_submit_second_a_bracket_semifinal" time="0.245" /><testcase classname="backend.tests.test_b_knockout.TestBKnockoutMatchResults" name="test_submit_b_bracket_semifinal_results" time="0.365" /><testcase classname="backend.tests.test_b_knockout.TestFinalAndCompletion" name="test_a_bracket_final_generated" time="0.111" /><testcase classname="backend.tests.test_b_knockout.TestFinalAndCompletion" name="test_b_bracket_final_generated" time="0.109" /><testcase classname="backend.tests.test_b_knockout.TestFinalAndCompletion" name="test_submit_a_bracket_final" time="0.226" /><testcase classname="backend.tests.test_b_knockout.TestFinalAndCompletion" name="test_submit_b_bracket_final" time="0.245" /><testcase classname="backend.tests.test_b_knockout.TestFinalAndCompletion" name="test_tournament_completion_requires_both_winners" time="0.113" /><testcase classname="backend.tests.test_b_knockout.TestCreateNewBKnockoutTournament" name="test_create_group_knockout_with_b_knockout" time="0.128" /><testcase classname="backend.tests.test_b_knockout.TestPDFExport" name="test_pdf_export_returns_valid_pdf" time="0.334" /></testsuite></testsuites>