<?xml version="1.0" encoding="utf-8"?><testsuites name="pytest tests"><testsuite name="pytest" errors="0" failures="0" skipped="0" tests="5" time="4.882" timestamp="2026-02-22T19:51:53.069660+00:00" hostname="agent-env-8781733c-9f70-4b8c-b0a2-30014fa7b48a"><testcase classname="backend.tests.test_stats_and_events.TestStatsAndEvents" name="test_1_stats_counting_full_flow" time="1.307" /><testcase classname="backend.tests.test_stats_and_events.TestStatsAndEvents" name="test_2_event_preservation_after_match_completion" time="0.729" /><testcase classname="backend.tests.test_stats_and_events.TestStatsAndEvents" name="test_3_score_editing" time="0.859" /><testcase classname="backend.tests.test_stats_and_events.TestStatsAndEvents" name="test_4_post_match_event_amendment" time="0.853" /><testcase classname="backend.tests.test_stats_and_events.TestStatsAndEvents" name="test_5_delete_event_via_put" time="0.838" /></testsuite></testsuites>