<?xml version="1.0" encoding="utf-8"?><testsuites name="pytest tests"><testsuite name="pytest" errors="0" failures="0" skipped="0" tests="24" time="10.800" timestamp="2026-02-21T22:47:57.351305+00:00" hostname="agent-env-6033f020-b5ac-4397-b350-144bb15fc605"><testcase classname="backend.tests.test_auth.TestAuthEndpoints" name="test_register_success" time="0.574" /><testcase classname="backend.tests.test_auth.TestAuthEndpoints" name="test_register_duplicate_email" time="0.633" /><testcase classname="backend.tests.test_auth.TestAuthEndpoints" name="test_register_empty_email" time="0.126" /><testcase classname="backend.tests.test_auth.TestAuthEndpoints" name="test_register_empty_password" time="0.099" /><testcase classname="backend.tests.test_auth.TestAuthEndpoints" name="test_login_success" time="0.690" /><testcase classname="backend.tests.test_auth.TestAuthEndpoints" name="test_login_wrong_password" time="0.724" /><testcase classname="backend.tests.test_auth.TestAuthEndpoints" name="test_login_nonexistent_user" time="0.097" /><testcase classname="backend.tests.test_auth.TestAuthEndpoints" name="test_get_me_authenticated" time="0.437" /><testcase classname="backend.tests.test_auth.TestAuthEndpoints" name="test_get_me_unauthenticated" time="0.110" /><testcase classname="backend.tests.test_auth.TestAuthEndpoints" name="test_get_me_invalid_token" time="0.095" /><testcase classname="backend.tests.test_auth.TestAPIProtection" name="test_teams_get_requires_auth" time="0.141" /><testcase classname="backend.tests.test_auth.TestAPIProtection" name="test_teams_post_requires_auth" time="0.118" /><testcase classname="backend.tests.test_auth.TestAPIProtection" name="test_matches_get_requires_auth" time="0.090" /><testcase classname="backend.tests.test_auth.TestAPIProtection" name="test_matches_post_requires_auth" time="0.129" /><testcase classname="backend.tests.test_auth.TestAPIProtection" name="test_player_stats_requires_auth" time="0.092" /><testcase classname="backend.tests.test_auth.TestAPIProtection" name="test_player_notes_get_requires_auth" time="0.105" /><testcase classname="backend.tests.test_auth.TestDataIsolation" name="test_user_a_cannot_see_user_b_teams" time="0.879" /><testcase classname="backend.tests.test_auth.TestDataIsolation" name="test_user_a_cannot_access_user_b_team_directly" time="0.895" /><testcase classname="backend.tests.test_auth.TestDataIsolation" name="test_user_a_cannot_update_user_b_team" time="0.940" /><testcase classname="backend.tests.test_auth.TestDataIsolation" name="test_user_a_cannot_delete_user_b_team" time="0.958" /><testcase classname="backend.tests.test_auth.TestDataIsolation" name="test_match_isolation" time="1.197" /><testcase classname="backend.tests.test_auth.TestAuthenticatedCRUD" name="test_create_and_get_team_authenticated" time="0.669" /><testcase classname="backend.tests.test_auth.TestAuthenticatedCRUD" name="test_list_only_own_teams" time="0.517" /><testcase classname="backend.tests.test_auth.TestHealthEndpoint" name="test_health_no_auth_required" time="0.158" /></testsuite></testsuites>