<?xml version="1.0" encoding="utf-8"?><testsuites name="pytest tests"><testsuite name="pytest" errors="0" failures="0" skipped="0" tests="24" time="67.541" timestamp="2026-02-22T14:49:04.927528+00:00" hostname="agent-env-8781733c-9f70-4b8c-b0a2-30014fa7b48a"><testcase classname="tests.test_team_mgmt.TestAuthFlow" name="test_01_register_user1" time="0.956" /><testcase classname="tests.test_team_mgmt.TestAuthFlow" name="test_02_login_user1" time="0.781" /><testcase classname="tests.test_team_mgmt.TestAuthFlow" name="test_03_register_user2" time="0.751" /><testcase classname="tests.test_team_mgmt.TestAuthFlow" name="test_04_verify_token_via_me_endpoint" time="0.416" /><testcase classname="tests.test_team_mgmt.TestTeamCRUD" name="test_01_create_football_11v11_team" time="0.468" /><testcase classname="tests.test_team_mgmt.TestTeamCRUD" name="test_02_team_appears_in_my_teams" time="0.478" /><testcase classname="tests.test_team_mgmt.TestTeamCRUD" name="test_03_get_team_by_id" time="0.455" /><testcase classname="tests.test_team_mgmt.TestTeamSettings" name="test_01_update_team_format_and_age_group" time="0.470" /><testcase classname="tests.test_team_mgmt.TestTeamSettings" name="test_02_verify_changes_persist" time="0.422" /><testcase classname="tests.test_team_mgmt.TestAddPlayers" name="test_01_add_two_players" time="0.956" /><testcase classname="tests.test_team_mgmt.TestAddPlayers" name="test_02_verify_players_appear_in_table" time="0.437" /><testcase classname="tests.test_team_mgmt.TestPlayerStats" name="test_01_get_player_stats" time="0.443" /><testcase classname="tests.test_team_mgmt.TestMatchEvents" name="test_01_create_match" time="0.402" /><testcase classname="tests.test_team_mgmt.TestMatchEvents" name="test_02_post_goal_event" time="0.415" /><testcase classname="tests.test_team_mgmt.TestMatchEvents" name="test_03_post_yellow_card_event" time="0.404" /><testcase classname="tests.test_team_mgmt.TestMatchEvents" name="test_04_post_substitution_event" time="0.408" /><testcase classname="tests.test_team_mgmt.TestMatchEvents" name="test_05_verify_events_saved" time="0.688" /><testcase classname="tests.test_team_mgmt.TestDataIsolation" name="test_01_user2_creates_team" time="0.430" /><testcase classname="tests.test_team_mgmt.TestDataIsolation" name="test_02_user1_cannot_see_user2_teams" time="0.432" /><testcase classname="tests.test_team_mgmt.TestDataIsolation" name="test_03_user2_cannot_access_user1_team" time="0.436" /><testcase classname="tests.test_team_mgmt.TestDataIsolation" name="test_04_user2_only_sees_own_teams" time="0.422" /><testcase classname="tests.test_team_mgmt.TestTrainingEndpoint" name="test_01_training_suggestions_endpoint_exists" time="55.242" /><testcase classname="tests.test_team_mgmt.TestCleanup" name="test_cleanup_user1_team" time="0.593" /><testcase classname="tests.test_team_mgmt.TestCleanup" name="test_cleanup_user2_team" time="0.410" /></testsuite></testsuites>