<?xml version="1.0" encoding="utf-8"?><testsuites name="pytest tests"><testsuite name="pytest" errors="0" failures="1" skipped="4" tests="10" time="2.740" timestamp="2026-02-24T23:43:44.529492+00:00" hostname="agent-env-ce46754a-62c5-4068-a9a1-66f6ce646674"><testcase classname="backend.tests.test_friendly_matches.TestFriendlyMatchSystem" name="test_01_create_friendly_invite" time="0.676"><failure message="AssertionError: assert 'MUH2Z7' == 'MUH227'&#10;  &#10;  - MUH227&#10;  ?     ^&#10;  + MUH2Z7&#10;  ?     ^">backend/tests/test_friendly_matches.py:83: in test_01_create_friendly_invite
    assert data["to_team_code"] == "MUH227"
E   AssertionError: assert 'MUH2Z7' == 'MUH227'
E     
E     - MUH227
E     ?     ^
E     + MUH2Z7
E     ?     ^</failure></testcase><testcase classname="backend.tests.test_friendly_matches.TestFriendlyMatchSystem" name="test_02_get_friendly_invites" time="0.094" /><testcase classname="backend.tests.test_friendly_matches.TestFriendlyMatchSystem" name="test_03_get_single_invite" time="0.001"><skipped type="pytest.skip" message="No invite created yet">/app/backend/tests/test_friendly_matches.py:109: No invite created yet</skipped></testcase><testcase classname="backend.tests.test_friendly_matches.TestFriendlyMatchSystem" name="test_04_respond_accept_invite" time="0.001"><skipped type="pytest.skip" message="No invite created yet">/app/backend/tests/test_friendly_matches.py:122: No invite created yet</skipped></testcase><testcase classname="backend.tests.test_friendly_matches.TestFriendlyMatchSystem" name="test_05_cancel_accepted_match" time="0.000"><skipped type="pytest.skip" message="No accepted invite yet">/app/backend/tests/test_friendly_matches.py:151: No accepted invite yet</skipped></testcase><testcase classname="backend.tests.test_friendly_matches.TestFriendlyMatchSystem" name="test_06_delete_cancelled_invite" time="0.000"><skipped type="pytest.skip" message="No cancelled invite yet">/app/backend/tests/test_friendly_matches.py:177: No cancelled invite yet</skipped></testcase><testcase classname="backend.tests.test_friendly_matches.TestFriendlyMatchSystem" name="test_07_create_and_amend_invite" time="0.782" /><testcase classname="backend.tests.test_friendly_matches.TestFriendlyMatchSystem" name="test_08_decline_invite_and_delete" time="0.389" /><testcase classname="backend.tests.test_friendly_matches.TestFriendlyMatchSystem" name="test_09_cannot_delete_pending_invite" time="0.549" /><testcase classname="backend.tests.test_friendly_matches.TestFriendlyMatchSystem" name="test_10_verify_network_endpoint" time="0.093" /></testsuite></testsuites>