<?xml version="1.0" encoding="utf-8"?><testsuites name="pytest tests"><testsuite name="pytest" errors="0" failures="0" skipped="0" tests="10" time="3.199" timestamp="2026-03-03T22:39:02.720937+00:00" hostname="agent-env-fcd88df0-4210-4223-b336-372efa41a0bc"><testcase classname="backend.tests.test_tournaments.TestTournamentCreation" name="test_create_knockout_tournament" time="0.553" /><testcase classname="backend.tests.test_tournaments.TestTournamentCreation" name="test_create_league_tournament" time="0.104" /><testcase classname="backend.tests.test_tournaments.TestTournamentCreation" name="test_create_group_knockout_tournament" time="0.098" /><testcase classname="backend.tests.test_tournaments.TestTournamentCreation" name="test_create_tournament_validation" time="0.211" /><testcase classname="backend.tests.test_tournaments.TestTournamentList" name="test_list_all_tournaments" time="0.109" /><testcase classname="backend.tests.test_tournaments.TestTournamentList" name="test_list_ongoing_tournaments" time="0.109" /><testcase classname="backend.tests.test_tournaments.TestTournamentList" name="test_list_completed_tournaments" time="0.113" /><testcase classname="backend.tests.test_tournaments.TestTournamentResultsAndAdvancement" name="test_submit_match_result" time="0.560" /><testcase classname="backend.tests.test_tournaments.TestTournamentResultsAndAdvancement" name="test_get_tournament_detail" time="0.324" /><testcase classname="backend.tests.test_tournaments.TestTournamentDeletion" name="test_delete_tournament" time="0.838" /></testsuite></testsuites>