<?xml version="1.0" encoding="utf-8"?><testsuites name="pytest tests"><testsuite name="pytest" errors="0" failures="0" skipped="0" tests="8" time="15.729" timestamp="2026-03-04T15:19:21.398448+00:00" hostname="agent-env-584d11b8-7701-4644-98dc-b26b2e92a067"><testcase classname="backend.tests.test_tactics_features.TestTacticsFeatures" name="test_login_works" time="2.720" /><testcase classname="backend.tests.test_tactics_features.TestTacticsFeatures" name="test_get_teams" time="1.917" /><testcase classname="backend.tests.test_tactics_features.TestTacticsFeatures" name="test_storm_g14_team_exists" time="1.601" /><testcase classname="backend.tests.test_tactics_features.TestTacticsFeatures" name="test_team_save_endpoint" time="2.100" /><testcase classname="backend.tests.test_tactics_features.TestTacticsFeatures" name="test_team_save_persists" time="2.284" /><testcase classname="backend.tests.test_tactics_features.TestTacticsFeatures" name="test_network_contacts" time="1.634" /><testcase classname="backend.tests.test_tactics_features.TestTacticsFeatures" name="test_direct_messages_conversations" time="1.594" /><testcase classname="backend.tests.test_tactics_features.TestTacticsFeatures" name="test_notifications_unread" time="1.576" /></testsuite></testsuites>