<?xml version="1.0" encoding="utf-8"?><testsuites name="pytest tests"><testsuite name="pytest" errors="0" failures="0" skipped="2" tests="9" time="3.468" timestamp="2026-02-25T09:16:05.610707+00:00" hostname="agent-env-ce46754a-62c5-4068-a9a1-66f6ce646674"><testcase classname="backend.tests.test_cancel_amend_friendly.TestCancelAmendFriendly" name="test_01_login_success" time="0.668" /><testcase classname="backend.tests.test_cancel_amend_friendly.TestCancelAmendFriendly" name="test_02_create_accepted_invite_then_cancel" time="0.815"><skipped type="pytest.skip" message="No accepted invite available to test cancel flow">/app/backend/tests/test_cancel_amend_friendly.py:109: No accepted invite available to test cancel flow</skipped></testcase><testcase classname="backend.tests.test_cancel_amend_friendly.TestCancelAmendFriendly" name="test_03_cancelled_invites_in_calendar" time="0.151" /><testcase classname="backend.tests.test_cancel_amend_friendly.TestCancelAmendFriendly" name="test_04_cancel_endpoint_status_check" time="0.364" /><testcase classname="backend.tests.test_cancel_amend_friendly.TestCancelAmendFriendly" name="test_05_amend_clears_accepted_date" time="0.138"><skipped type="pytest.skip" message="No accepted invite available to test amend flow">/app/backend/tests/test_cancel_amend_friendly.py:234: No accepted invite available to test amend flow</skipped></testcase><testcase classname="backend.tests.test_cancel_amend_friendly.TestCancelAmendFriendly" name="test_06_amend_then_accept_new_date" time="0.113" /><testcase classname="backend.tests.test_cancel_amend_friendly.TestCancelAmendFriendly" name="test_07_cancel_endpoint_returns_404_for_invalid_id" time="0.106" /><testcase classname="backend.tests.test_cancel_amend_friendly.TestCancelAmendFriendly" name="test_08_amend_endpoint_returns_404_for_non_accepted" time="0.232" /><testcase classname="backend.tests.test_cancel_amend_friendly.TestCalendarCancelledDisplay" name="test_calendar_includes_cancelled_status_filter" time="0.682" /></testsuite></testsuites>