<?xml version="1.0" encoding="utf-8"?><testsuites name="pytest tests"><testsuite name="pytest" errors="0" failures="0" skipped="0" tests="14" time="22.114" timestamp="2026-02-09T09:43:10.084817+00:00" hostname="agent-env-c198a7d1-20b8-400b-9e1a-6285b17bf4f3"><testcase classname="tests.test_api.TestMatchesCRUD" name="test_create_match" time="2.356" /><testcase classname="tests.test_api.TestMatchesCRUD" name="test_get_all_matches" time="2.066" /><testcase classname="tests.test_api.TestMatchesCRUD" name="test_get_matches_by_team" time="2.207" /><testcase classname="tests.test_api.TestMatchesCRUD" name="test_get_match_by_id" time="1.740" /><testcase classname="tests.test_api.TestMatchesCRUD" name="test_get_match_not_found" time="0.557" /><testcase classname="tests.test_api.TestMatchesCRUD" name="test_update_match_status" time="2.393" /><testcase classname="tests.test_api.TestMatchesCRUD" name="test_update_match_events" time="1.819" /><testcase classname="tests.test_api.TestMatchesCRUD" name="test_update_match_no_data" time="1.915" /><testcase classname="tests.test_api.TestMatchesCRUD" name="test_update_nonexistent_match" time="0.363" /><testcase classname="tests.test_api.TestMatchesCRUD" name="test_delete_match" time="1.978" /><testcase classname="tests.test_api.TestMatchesCRUD" name="test_delete_nonexistent_match" time="0.386" /><testcase classname="tests.test_api.TestPlayerNotes" name="test_add_note_to_nonexistent_match" time="0.495" /><testcase classname="tests.test_api.TestEdgeCases" name="test_match_with_90_min_duration" time="1.396" /><testcase classname="tests.test_api.TestEdgeCases" name="test_match_with_custom_duration" time="1.968" /></testsuite></testsuites>