<?xml version="1.0" encoding="utf-8"?><testsuites name="pytest tests"><testsuite name="pytest" errors="0" failures="0" skipped="0" tests="9" time="6.238" timestamp="2026-03-04T06:48:56.068655+00:00" hostname="agent-env-fcd88df0-4210-4223-b336-372efa41a0bc"><testcase classname="backend.tests.test_tournament_features.TestTournamentFeatures" name="test_list_tournaments" time="0.654" /><testcase classname="backend.tests.test_tournament_features.TestTournamentFeatures" name="test_list_tournaments_by_status" time="0.621" /><testcase classname="backend.tests.test_tournament_features.TestTournamentFeatures" name="test_get_completed_tournament_spring_cup" time="0.614" /><testcase classname="backend.tests.test_tournament_features.TestTournamentFeatures" name="test_tournament_pdf_export" time="1.135" /><testcase classname="backend.tests.test_tournament_features.TestTournamentFeatures" name="test_create_knockout_tournament" time="0.570" /><testcase classname="backend.tests.test_tournament_features.TestTournamentFeatures" name="test_enter_match_result" time="0.711" /><testcase classname="backend.tests.test_tournament_features.TestTournamentFeatures" name="test_tournament_404_for_invalid_id" time="0.468" /><testcase classname="backend.tests.test_tournament_features.TestTournamentFeatures" name="test_pdf_404_for_invalid_tournament" time="0.627" /><testcase classname="backend.tests.test_tournament_features.TestTeamTournamentAccess" name="test_teams_exist" time="0.609" /></testsuite></testsuites>