<?xml version="1.0" encoding="utf-8"?><testsuites name="pytest tests"><testsuite name="pytest" errors="0" failures="1" skipped="0" tests="23" time="9.957" timestamp="2026-02-24T15:15:14.965858+00:00" hostname="agent-env-1f4ee9a6-d88e-44ef-a16c-aa7b24636676"><testcase classname="backend.tests.test_country_feature.TestCountryFeature" name="test_create_team_with_country_norway" time="0.999" /><testcase classname="backend.tests.test_country_feature.TestCountryFeature" name="test_create_team_with_country_england" time="0.203" /><testcase classname="backend.tests.test_country_feature.TestCountryFeature" name="test_create_team_without_country" time="0.195" /><testcase classname="backend.tests.test_country_feature.TestCountryFeature" name="test_get_teams_returns_country_field" time="0.188"><failure message="AssertionError: Team Blitz Futsal missing 'country' field&#10;assert 'country' in {'age_group': 'Senior', 'created_at': '2026-02-23T16:44:45.933727+00:00', 'format': '5v5', 'formation': '1-2-1', ...}">backend/tests/test_country_feature.py:136: in test_get_teams_returns_country_field
    assert "country" in team, f"Team {team.get('name')} missing 'country' field"
E   AssertionError: Team Blitz Futsal missing 'country' field
E   assert 'country' in {'age_group': 'Senior', 'created_at': '2026-02-23T16:44:45.933727+00:00', 'format': '5v5', 'formation': '1-2-1', ...}</failure></testcase><testcase classname="backend.tests.test_country_feature.TestCountryFeature" name="test_get_single_team_returns_country" time="0.213" /><testcase classname="backend.tests.test_country_feature.TestCountryFeature" name="test_update_team_country_to_sweden" time="0.659" /><testcase classname="backend.tests.test_country_feature.TestCountryFeature" name="test_update_team_country_to_germany" time="0.326" /><testcase classname="backend.tests.test_country_feature.TestCountryFeature" name="test_update_team_clear_country" time="1.013" /><testcase classname="backend.tests.test_country_feature.TestAllCountryCodes" name="test_create_team_with_each_country[NO-Norway]" time="0.971" /><testcase classname="backend.tests.test_country_feature.TestAllCountryCodes" name="test_create_team_with_each_country[SE-Sweden]" time="0.303" /><testcase classname="backend.tests.test_country_feature.TestAllCountryCodes" name="test_create_team_with_each_country[DK-Denmark]" time="0.305" /><testcase classname="backend.tests.test_country_feature.TestAllCountryCodes" name="test_create_team_with_each_country[FI-Finland]" time="0.240" /><testcase classname="backend.tests.test_country_feature.TestAllCountryCodes" name="test_create_team_with_each_country[GB-ENG-England]" time="0.271" /><testcase classname="backend.tests.test_country_feature.TestAllCountryCodes" name="test_create_team_with_each_country[GB-SCT-Scotland]" time="0.249" /><testcase classname="backend.tests.test_country_feature.TestAllCountryCodes" name="test_create_team_with_each_country[IE-Ireland]" time="0.277" /><testcase classname="backend.tests.test_country_feature.TestAllCountryCodes" name="test_create_team_with_each_country[GB-WLS-Wales]" time="0.248" /><testcase classname="backend.tests.test_country_feature.TestAllCountryCodes" name="test_create_team_with_each_country[DE-Germany]" time="0.267" /><testcase classname="backend.tests.test_country_feature.TestAllCountryCodes" name="test_create_team_with_each_country[NL-Netherlands]" time="0.253" /><testcase classname="backend.tests.test_country_feature.TestAllCountryCodes" name="test_create_team_with_each_country[BE-Belgium]" time="0.296" /><testcase classname="backend.tests.test_country_feature.TestAllCountryCodes" name="test_create_team_with_each_country[FR-France]" time="0.271" /><testcase classname="backend.tests.test_country_feature.TestAllCountryCodes" name="test_create_team_with_each_country[ES-Spain]" time="0.565" /><testcase classname="backend.tests.test_country_feature.TestAllCountryCodes" name="test_create_team_with_each_country[IT-Italy]" time="0.507" /><testcase classname="backend.tests.test_country_feature.TestAllCountryCodes" name="test_create_team_with_each_country[PT-Portugal]" time="0.471" /></testsuite></testsuites>