<?xml version="1.0" encoding="utf-8"?><testsuites name="pytest tests"><testsuite name="pytest" errors="0" failures="0" skipped="0" tests="24" time="7.781" timestamp="2026-02-24T16:06:13.754599+00:00" hostname="agent-env-1f4ee9a6-d88e-44ef-a16c-aa7b24636676"><testcase classname="backend.tests.test_new_team_features.TestTeamCreationWithGenderManagerCode" name="test_create_team_with_gender_gutter" time="0.710" /><testcase classname="backend.tests.test_new_team_features.TestTeamCreationWithGenderManagerCode" name="test_create_team_with_gender_jenter" time="0.054" /><testcase classname="backend.tests.test_new_team_features.TestTeamCreationWithGenderManagerCode" name="test_create_team_with_gender_mixed" time="0.044" /><testcase classname="backend.tests.test_new_team_features.TestTeamCreationWithGenderManagerCode" name="test_team_code_is_unique" time="0.148" /><testcase classname="backend.tests.test_new_team_features.TestTeamCreationWithGenderManagerCode" name="test_get_teams_returns_all_fields" time="0.052" /><testcase classname="backend.tests.test_new_team_features.TestTeamUpdate" name="test_update_gender" time="0.626" /><testcase classname="backend.tests.test_new_team_features.TestTeamUpdate" name="test_update_manager_info" time="0.062" /><testcase classname="backend.tests.test_new_team_features.TestTeamLookup" name="test_lookup_team_by_code" time="0.564" /><testcase classname="backend.tests.test_new_team_features.TestTeamLookup" name="test_lookup_team_invalid_code" time="0.043" /><testcase classname="backend.tests.test_new_team_features.TestNetwork" name="test_add_team_to_network_by_code" time="0.959" /><testcase classname="backend.tests.test_new_team_features.TestNetwork" name="test_get_network" time="0.044" /><testcase classname="backend.tests.test_new_team_features.TestNetwork" name="test_cannot_add_own_team" time="0.138" /><testcase classname="backend.tests.test_new_team_features.TestNetwork" name="test_cannot_add_duplicate" time="0.047" /><testcase classname="backend.tests.test_new_team_features.TestNetwork" name="test_delete_from_network" time="0.172" /><testcase classname="backend.tests.test_new_team_features.TestFriendlyInvites" name="test_create_friendly_invite" time="0.995" /><testcase classname="backend.tests.test_new_team_features.TestFriendlyInvites" name="test_get_invites_for_team" time="0.046" /><testcase classname="backend.tests.test_new_team_features.TestFriendlyInvites" name="test_receiver_can_see_invite" time="0.047" /><testcase classname="backend.tests.test_new_team_features.TestFriendlyInvites" name="test_respond_to_invite_accept" time="0.131" /><testcase classname="backend.tests.test_new_team_features.TestFriendlyInvites" name="test_cannot_invite_own_team" time="0.047" /><testcase classname="backend.tests.test_new_team_features.TestMessages" name="test_get_messages_for_team" time="0.554" /><testcase classname="backend.tests.test_new_team_features.TestMessages" name="test_get_all_messages" time="0.039" /><testcase classname="backend.tests.test_new_team_features.TestMessages" name="test_invite_creates_messages" time="0.695" /><testcase classname="backend.tests.test_new_team_features.TestMessages" name="test_mark_message_read" time="0.094" /><testcase classname="backend.tests.test_new_team_features.TestCleanup" name="test_cleanup_test_teams" time="1.213" /></testsuite></testsuites>