<?xml version="1.0" encoding="utf-8"?><testsuites name="pytest tests"><testsuite name="pytest" errors="0" failures="0" skipped="0" tests="6" time="1.027" timestamp="2026-02-25T07:11:59.610667+00:00" hostname="agent-env-ce46754a-62c5-4068-a9a1-66f6ce646674"><testcase classname="tests.test_message_deletion.TestMessageDeletion" name="test_get_messages" time="0.476" /><testcase classname="tests.test_message_deletion.TestMessageDeletion" name="test_delete_message_success" time="0.170" /><testcase classname="tests.test_message_deletion.TestMessageDeletion" name="test_delete_message_not_found" time="0.055" /><testcase classname="tests.test_message_deletion.TestMessageDeletion" name="test_delete_message_unauthorized" time="0.117" /><testcase classname="tests.test_message_deletion.TestNetworkEndpoint" name="test_get_network" time="0.054" /><testcase classname="tests.test_message_deletion.TestFriendlyInvitesWithOpponentDetails" name="test_get_friendly_invites_with_manager_details" time="0.052" /></testsuite></testsuites>