<?xml version="1.0" encoding="utf-8"?><testsuites name="pytest tests"><testsuite name="pytest" errors="0" failures="1" skipped="0" tests="24" time="8.427" timestamp="2026-02-24T16:04:48.901896+00:00" hostname="agent-env-1f4ee9a6-d88e-44ef-a16c-aa7b24636676"><testcase classname="backend.tests.test_new_team_features.TestTeamCreationWithGenderManagerCode" name="test_create_team_with_gender_gutter" time="1.010" /><testcase classname="backend.tests.test_new_team_features.TestTeamCreationWithGenderManagerCode" name="test_create_team_with_gender_jenter" time="0.054" /><testcase classname="backend.tests.test_new_team_features.TestTeamCreationWithGenderManagerCode" name="test_create_team_with_gender_mixed" time="0.056" /><testcase classname="backend.tests.test_new_team_features.TestTeamCreationWithGenderManagerCode" name="test_team_code_is_unique" time="0.170" /><testcase classname="backend.tests.test_new_team_features.TestTeamCreationWithGenderManagerCode" name="test_get_teams_returns_all_fields" time="0.051" /><testcase classname="backend.tests.test_new_team_features.TestTeamUpdate" name="test_update_gender" time="0.569" /><testcase classname="backend.tests.test_new_team_features.TestTeamUpdate" name="test_update_manager_info" time="0.049" /><testcase classname="backend.tests.test_new_team_features.TestTeamLookup" name="test_lookup_team_by_code" time="0.615"><failure message="assert 404 == 200&#10; +  where 404 = &lt;Response [404]&gt;.status_code">backend/tests/test_new_team_features.py:252: in test_lookup_team_by_code
    assert res.status_code == 200
E   assert 404 == 200
E    +  where 404 = &lt;Response [404]&gt;.status_code</failure></testcase><testcase classname="backend.tests.test_new_team_features.TestTeamLookup" name="test_lookup_team_invalid_code" time="0.045" /><testcase classname="backend.tests.test_new_team_features.TestNetwork" name="test_add_team_to_network_by_code" time="0.987" /><testcase classname="backend.tests.test_new_team_features.TestNetwork" name="test_get_network" time="0.047" /><testcase classname="backend.tests.test_new_team_features.TestNetwork" name="test_cannot_add_own_team" time="0.124" /><testcase classname="backend.tests.test_new_team_features.TestNetwork" name="test_cannot_add_duplicate" time="0.049" /><testcase classname="backend.tests.test_new_team_features.TestNetwork" name="test_delete_from_network" time="0.180" /><testcase classname="backend.tests.test_new_team_features.TestFriendlyInvites" name="test_create_friendly_invite" time="1.181" /><testcase classname="backend.tests.test_new_team_features.TestFriendlyInvites" name="test_get_invites_for_team" time="0.045" /><testcase classname="backend.tests.test_new_team_features.TestFriendlyInvites" name="test_receiver_can_see_invite" time="0.049" /><testcase classname="backend.tests.test_new_team_features.TestFriendlyInvites" name="test_respond_to_invite_accept" time="0.093" /><testcase classname="backend.tests.test_new_team_features.TestFriendlyInvites" name="test_cannot_invite_own_team" time="0.085" /><testcase classname="backend.tests.test_new_team_features.TestMessages" name="test_get_messages_for_team" time="0.595" /><testcase classname="backend.tests.test_new_team_features.TestMessages" name="test_get_all_messages" time="0.050" /><testcase classname="backend.tests.test_new_team_features.TestMessages" name="test_invite_creates_messages" time="0.662" /><testcase classname="backend.tests.test_new_team_features.TestMessages" name="test_mark_message_read" time="0.088" /><testcase classname="backend.tests.test_new_team_features.TestCleanup" name="test_cleanup_test_teams" time="1.038" /></testsuite></testsuites>